<?xml version="1.0" encoding="UTF-8"?>
<!-- Generated by org.testng.reporters.JUnitReportReporter -->
<testsuite skipped="0" hostname="USERs-Air" name="com.CRM.regression.test.NaviColorTest" tests="1" failures="0" timestamp="2023-03-13T23:50:41 CET" time="10.580" errors="0">
  <testcase name="getNaviColor" time="10.580" classname="com.CRM.regression.test.NaviColorTest"/>
  <system-out>
    <![CDATA[Test Case : Get the color of the navigation menu - Started
Logged into Application Successful
The navigation menu color is : rgb(83, 77, 100)
Test Case : Get the color of the navigation menu - Pass]]>
  </system-out>
</testsuite> <!-- com.CRM.regression.test.NaviColorTest -->
