<?xml version="1.0" encoding="UTF-8"?>
<!-- Generated by org.testng.reporters.JUnitReportReporter -->
<testsuite skipped="0" hostname="USERs-Air" name="com.CRM.regression.test.LogInTest" tests="1" failures="0" timestamp="2023-03-13T23:50:41 CET" time="10.863" errors="0">
  <testcase name="LogIn" time="10.863" classname="com.CRM.regression.test.LogInTest"/>
  <system-out>
    <![CDATA[---Test Case : Log into Application Started---
Logged into Application Successful
---TestCase : : Log into Application Started - Pass---]]>
  </system-out>
</testsuite> <!-- com.CRM.regression.test.LogInTest -->
