<?xml version="1.0" encoding="UTF-8"?>
<!-- Generated by org.testng.reporters.JUnitReportReporter -->
<testsuite skipped="0" hostname="USERs-Air" name="com.CRM.regression.test.ReadLeadInfoTest" tests="1" failures="0" timestamp="2023-03-13T23:50:41 CET" time="15.028" errors="0">
  <testcase name="getLeadInfo" time="15.028" classname="com.CRM.regression.test.ReadLeadInfoTest"/>
  <system-out>
    <![CDATA[Test Case : Reading contains additional information about the account/lead - Started
Logged into Application Successful
Sales Menu Opened
Button Clicked
Test Case : Reading contains additional information about the account/lead - Pass]]>
  </system-out>
</testsuite> <!-- com.CRM.regression.test.ReadLeadInfoTest -->
