<?xml version="1.0" encoding="UTF-8"?>
<!-- Generated by org.testng.reporters.JUnitReportReporter -->
<testsuite skipped="0" hostname="USERs-Air" name="com.CRM.regression.test.ReadTitleTest" tests="1" failures="0" timestamp="2023-03-13T23:50:41 CET" time="20.572" errors="0">
  <testcase name="getTitle" time="20.572" classname="com.CRM.regression.test.ReadTitleTest"/>
  <system-out>
    <![CDATA[Test Case : Read Page Title - Started
Test Case : Read Page Title - Pass]]>
  </system-out>
</testsuite> <!-- com.CRM.regression.test.ReadTitleTest -->
