<?xml version="1.0" encoding="UTF-8"?>
<!-- Generated by org.testng.reporters.JUnitReportReporter -->
<testsuite skipped="0" hostname="USERs-Air" name="com.CRM.regression.test.MenuCheckTest" tests="1" failures="0" timestamp="2023-03-13T23:50:41 CET" time="10.471" errors="0">
  <testcase name="checkMenuOptions" time="10.471" classname="com.CRM.regression.test.MenuCheckTest"/>
  <system-out>
    <![CDATA[Test Case : Verify Login Menu Option is enabled - Started
Logged into Application Successful
Test Case : Verify Login Menu Option is enabled - Pass]]>
  </system-out>
</testsuite> <!-- com.CRM.regression.test.MenuCheckTest -->
