<?xml version="1.0" encoding="UTF-8"?>
<!-- Generated by org.testng.reporters.JUnitReportReporter -->
<testsuite skipped="0" hostname="USERs-Air" name="com.CRM.regression.test.PrintNamesTest" tests="1" failures="0" timestamp="2023-03-13T23:50:41 CET" time="14.340" errors="0">
  <testcase name="printNameData" time="14.340" classname="com.CRM.regression.test.PrintNamesTest"/>
  <system-out>
    <![CDATA[Test Case : Get Names from the List - Started
Logged into Application Successful
The names are : {[[FirefoxDriver: firefox on MAC (c4a8dc0a-9dcc-4760-aea1-2fd05531352e)] -> xpath: //table[@class='list view table-responsive']/tbody/tr/td[3]]=[[FirefoxDriver: firefox on MAC (c4a8dc0a-9dcc-4760-aea1-2fd05531352e)] -> xpath: //table[@class='list view table-responsive']/tbody/tr/td[8]], [[FirefoxDriver: firefox on MAC (c4a8dc0a-9dcc-4760-aea1-2fd05531352e)] -> xpath: //table[@class='list view table-responsive']/tbody/tr/td[3]]=[[FirefoxDriver: firefox on MAC (c4a8dc0a-9dcc-4760-aea1-2fd05531352e)] -> xpath: //table[@class='list view table-responsive']/tbody/tr/td[8]], [[FirefoxDriver: firefox on MAC (c4a8dc0a-9dcc-4760-aea1-2fd05531352e)] -> xpath: //table[@class='list view table-responsive']/tbody/tr/td[3]]=[[FirefoxDriver: firefox on MAC (c4a8dc0a-9dcc-4760-aea1-2fd05531352e)] -> xpath: //table[@class='list view table-responsive']/tbody/tr/td[8]], [[FirefoxDriver: firefox on MAC (c4a8dc0a-9dcc-4760-aea1-2fd05531352e)] -> xpath: //table[@class='list view table-responsive']/tbody/tr/td[3]]=[[FirefoxDriver: firefox on MAC (c4a8dc0a-9dcc-4760-aea1-2fd05531352e)] -> xpath: //table[@class='list view table-responsive']/tbody/tr/td[8]], [[FirefoxDriver: firefox on MAC (c4a8dc0a-9dcc-4760-aea1-2fd05531352e)] -> xpath: //table[@class='list view table-responsive']/tbody/tr/td[3]]=[[FirefoxDriver: firefox on MAC (c4a8dc0a-9dcc-4760-aea1-2fd05531352e)] -> xpath: //table[@class='list view table-responsive']/tbody/tr/td[8]], [[FirefoxDriver: firefox on MAC (c4a8dc0a-9dcc-4760-aea1-2fd05531352e)] -> xpath: //table[@class='list view table-responsive']/tbody/tr/td[3]]=[[FirefoxDriver: firefox on MAC (c4a8dc0a-9dcc-4760-aea1-2fd05531352e)] -> xpath: //table[@class='list view table-responsive']/tbody/tr/td[8]], [[FirefoxDriver: firefox on MAC (c4a8dc0a-9dcc-4760-aea1-2fd05531352e)] -> xpath: //table[@class='list view table-responsive']/tbody/tr/td[3]]=[[FirefoxDriver: firefox on MAC (c4a8dc0a-9dcc-4760-aea1-2fd05531352e)] -> xpath: //table[@class='list view table-responsive']/tbody/tr/td[8]], [[FirefoxDriver: firefox on MAC (c4a8dc0a-9dcc-4760-aea1-2fd05531352e)] -> xpath: //table[@class='list view table-responsive']/tbody/tr/td[3]]=[[FirefoxDriver: firefox on MAC (c4a8dc0a-9dcc-4760-aea1-2fd05531352e)] -> xpath: //table[@class='list view table-responsive']/tbody/tr/td[8]], [[FirefoxDriver: firefox on MAC (c4a8dc0a-9dcc-4760-aea1-2fd05531352e)] -> xpath: //table[@class='list view table-responsive']/tbody/tr/td[3]]=[[FirefoxDriver: firefox on MAC (c4a8dc0a-9dcc-4760-aea1-2fd05531352e)] -> xpath: //table[@class='list view table-responsive']/tbody/tr/td[8]], [[FirefoxDriver: firefox on MAC (c4a8dc0a-9dcc-4760-aea1-2fd05531352e)] -> xpath: //table[@class='list view table-responsive']/tbody/tr/td[3]]=[[FirefoxDriver: firefox on MAC (c4a8dc0a-9dcc-4760-aea1-2fd05531352e)] -> xpath: //table[@class='list view table-responsive']/tbody/tr/td[8]]}
Test Case : Get Names from the List - Pass]]>
  </system-out>
</testsuite> <!-- com.CRM.regression.test.PrintNamesTest -->
