<?xml version="1.0" encoding="UTF-8"?>
<!-- Generated by org.testng.reporters.JUnitReportReporter -->
<testsuite skipped="0" hostname="USERs-Air" name="com.CRM.regression.test.PrintTableTest" tests="1" failures="0" timestamp="2023-03-13T23:50:41 CET" time="14.711" errors="0">
  <testcase name="readTableData" time="14.711" classname="com.CRM.regression.test.PrintTableTest"/>
  <system-out>
    <![CDATA[Test Case : Open the accounts page and print the contents of the table - Started
Logged into Application Successful
Test Case : Open the accounts page and print the contents of the table - Pass]]>
  </system-out>
</testsuite> <!-- com.CRM.regression.test.PrintTableTest -->
