<?xml version="1.0" encoding="UTF-8"?>
<!-- Generated by org.testng.reporters.JUnitReportReporter -->
<testsuite skipped="0" hostname="USERs-Air" name="com.CRM.regression.test.HeaderImageTest" tests="1" failures="0" timestamp="2023-03-13T23:50:41 CET" time="8.414" errors="0">
  <testcase name="HeaderTest" time="8.414" classname="com.CRM.regression.test.HeaderImageTest"/>
  <system-out>
    <![CDATA[Test Case : Print the url of the header image to the console - Started
The Url is : https://alchemy.hguy.co/crm/themes/default/images/company_logo.png?v=cK7kLsY0ftg72ZVHTYUT_g
Test Case : Print the url of the header image to the console - Pass]]>
  </system-out>
</testsuite> <!-- com.CRM.regression.test.HeaderImageTest -->
